[debug] [2025-07-16T10:45:43.932Z] ----------------------------------------------------------------------
[debug] [2025-07-16T10:45:43.934Z] Command:       /usr/local/bin/firebase /Users/mohammedkareem/.cache/firebase/tools/lib/node_modules/firebase-tools/lib/bin/firebase init
[debug] [2025-07-16T10:45:43.934Z] CLI Version:   13.29.0
[debug] [2025-07-16T10:45:43.934Z] Platform:      darwin
[debug] [2025-07-16T10:45:43.935Z] Node Version:  v18.5.0
[debug] [2025-07-16T10:45:43.936Z] Time:          Wed Jul 16 2025 13:45:43 GMT+0300 (Arabian Standard Time)
[debug] [2025-07-16T10:45:43.936Z] ----------------------------------------------------------------------
[debug] 
[debug] [2025-07-16T10:45:44.137Z] > command requires scopes: ["email","openid","https://www.googleapis.com/auth/cloudplatformprojects.readonly","https://www.googleapis.com/auth/firebase","https://www.googleapis.com/auth/cloud-platform"]
[debug] [2025-07-16T10:45:44.139Z] > authorizing via signed-in user (fluttert337@gmail.com)
[info] 
     ######## #### ########  ######## ########     ###     ######  ########
     ##        ##  ##     ## ##       ##     ##  ##   ##  ##       ##
     ######    ##  ########  ######   ########  #########  ######  ######
     ##        ##  ##    ##  ##       ##     ## ##     ##       ## ##
     ##       #### ##     ## ######## ########  ##     ##  ######  ########

You're about to initialize a Firebase project in this directory:

  /Users/mohammedkareem/pos web Curser Ai/karemooo98.github.io

Before we get started, keep in mind:

  * You are initializing within an existing Firebase project directory

